<?xml version="1.0" encoding="UTF-8"?>
<testsuite xmlns:xsi="http://www.w3.org/2001/XMLSchema-instance" xsi:noNamespaceSchemaLocation="https://maven.apache.org/surefire/maven-surefire-plugin/xsd/surefire-test-report-3.0.xsd" version="3.0" name="pl.polsl.tests.ModelTest" time="0.103" tests="6" errors="0" skipped="0" failures="0">
  <properties>
[...]
</properties>
  <testcase name="saveData_shouldSaveEmptyFileForEmptyDataArray(String)[1]" classname="pl.polsl.tests.ModelTest" time="0.04"/>
  <testcase name="testSaveData(String)[1]" classname="pl.polsl.tests.ModelTest" time="0.003"/>
  <testcase name="testSaveData(String)[2]" classname="pl.polsl.tests.ModelTest" time="0.002"/>
  <testcase name="testSaveData(String)[3]" classname="pl.polsl.tests.ModelTest" time="0.001"/>
  <testcase name="testSaveData(String)[4]" classname="pl.polsl.tests.ModelTest" time="0.002"/>
  <testcase name="testSaveData(String)[5]" classname="pl.polsl.tests.ModelTest" time="0.002"/>
</testsuite>